  stdafx.cpp
  Attempt1_1.cpp
c:\users\jesse\google drive\unitec\bcs\semester 4\7441 advanced game\assignment 2\attempt1_1\attempt1_1\attempt1_1.cpp(43): warning C4244: '=': conversion from 'double' to 'float', possible loss of data
c:\users\jesse\google drive\unitec\bcs\semester 4\7441 advanced game\assignment 2\attempt1_1\attempt1_1\attempt1_1.cpp(44): warning C4244: '=': conversion from 'double' to 'float', possible loss of data
c:\users\jesse\google drive\unitec\bcs\semester 4\7441 advanced game\assignment 2\attempt1_1\attempt1_1\attempt1_1.cpp(45): warning C4244: '=': conversion from 'double' to 'float', possible loss of data
c:\users\jesse\google drive\unitec\bcs\semester 4\7441 advanced game\assignment 2\attempt1_1\attempt1_1\attempt1_1.cpp(46): warning C4244: '=': conversion from 'double' to 'float', possible loss of data
c:\users\jesse\google drive\unitec\bcs\semester 4\7441 advanced game\assignment 2\attempt1_1\attempt1_1\attempt1_1.cpp(60): warning C4244: '=': conversion from 'double' to 'float', possible loss of data
c:\users\jesse\google drive\unitec\bcs\semester 4\7441 advanced game\assignment 2\attempt1_1\attempt1_1\attempt1_1.cpp(87): warning C4244: 'initializing': conversion from 'double' to 'int', possible loss of data
c:\users\jesse\google drive\unitec\bcs\semester 4\7441 advanced game\assignment 2\attempt1_1\attempt1_1\attempt1_1.cpp(98): warning C4305: '=': truncation from 'double' to 'float'
c:\users\jesse\google drive\unitec\bcs\semester 4\7441 advanced game\assignment 2\attempt1_1\attempt1_1\attempt1_1.cpp(99): warning C4305: '=': truncation from 'double' to 'float'
c:\users\jesse\google drive\unitec\bcs\semester 4\7441 advanced game\assignment 2\attempt1_1\attempt1_1\attempt1_1.cpp(100): warning C4305: '=': truncation from 'double' to 'float'
c:\users\jesse\google drive\unitec\bcs\semester 4\7441 advanced game\assignment 2\attempt1_1\attempt1_1\attempt1_1.cpp(101): warning C4305: '=': truncation from 'double' to 'float'
c:\users\jesse\google drive\unitec\bcs\semester 4\7441 advanced game\assignment 2\attempt1_1\attempt1_1\attempt1_1.cpp(176): warning C4267: 'argument': conversion from 'size_t' to 'GLsizei', possible loss of data
  Generating Code...
Attempt1_1.obj : error LNK2019: unresolved external symbol __imp_glClear referenced in function main
Attempt1_1.obj : error LNK2019: unresolved external symbol __imp_glClearColor referenced in function main
Attempt1_1.obj : error LNK2019: unresolved external symbol __imp_glColor3f referenced in function "public: void __cdecl Mesh::render(void)" (?render@Mesh@@QEAAXXZ)
Attempt1_1.obj : error LNK2019: unresolved external symbol __imp_glDisableClientState referenced in function "public: void __cdecl Mesh::render(void)" (?render@Mesh@@QEAAXXZ)
Attempt1_1.obj : error LNK2019: unresolved external symbol __imp_glDrawElements referenced in function "public: void __cdecl Mesh::render(void)" (?render@Mesh@@QEAAXXZ)
Attempt1_1.obj : error LNK2019: unresolved external symbol __imp_glEnable referenced in function main
Attempt1_1.obj : error LNK2019: unresolved external symbol __imp_glEnableClientState referenced in function "public: void __cdecl Mesh::render(void)" (?render@Mesh@@QEAAXXZ)
Attempt1_1.obj : error LNK2019: unresolved external symbol __imp_glFrustum referenced in function main
Attempt1_1.obj : error LNK2019: unresolved external symbol __imp_glHint referenced in function main
Attempt1_1.obj : error LNK2019: unresolved external symbol __imp_glLoadIdentity referenced in function main
Attempt1_1.obj : error LNK2019: unresolved external symbol __imp_glMatrixMode referenced in function main
Attempt1_1.obj : error LNK2019: unresolved external symbol __imp_glPolygonMode referenced in function "public: void __cdecl Mesh::render(void)" (?render@Mesh@@QEAAXXZ)
Attempt1_1.obj : error LNK2019: unresolved external symbol __imp_glRotatef referenced in function main
Attempt1_1.obj : error LNK2019: unresolved external symbol __imp_glTranslatef referenced in function main
Attempt1_1.obj : error LNK2019: unresolved external symbol __imp_glVertexPointer referenced in function "public: void __cdecl Mesh::render(void)" (?render@Mesh@@QEAAXXZ)
Attempt1_1.obj : error LNK2019: unresolved external symbol __imp_glewInit referenced in function main
Attempt1_1.obj : error LNK2001: unresolved external symbol __imp___glewPrimitiveRestartIndex
C:\Users\Jesse\Google Drive\Unitec\BCS\Semester 4\7441 Advanced Game\Assignment 2\Attempt1_1\x64\Debug\Attempt1_1.exe : fatal error LNK1120: 17 unresolved externals
